<?xml version="1.0" encoding="UTF-8"?>
<!-- Generated by org.testng.reporters.JUnitXMLReporter -->
<testsuite ignored="3" hostname="DESKTOP-UMJ5EG2" failures="1" tests="1" name="Default test(failed)" time="1.409" errors="0" timestamp="2022-04-04T15:34:58 IST">
  <testcase classname="testNG200.FailedXMLclass" name="a" time="1.096">
    <failure type="org.testng.internal.thread.ThreadTimeoutException" message="Method testNG200.FailedXMLclass.a() didn&amp;apos;t finish within the time-out 1000">
      <![CDATA[org.testng.internal.thread.ThreadTimeoutException: Method testNG200.FailedXMLclass.a() didn't finish within the time-out 1000
at java.base/java.util.ArrayList.forEach(ArrayList.java:1541)
... Removed 24 stack frames]]>
    </failure>
  </testcase> <!-- a -->
  <testcase classname="testNG200.FailedXMLclass" name="c" time="0.0">
    <ignored/>
  </testcase> <!-- c -->
  <testcase classname="testNG200.FailedXMLclass" name="b" time="0.0">
    <ignored/>
  </testcase> <!-- b -->
  <testcase classname="testNG200.FailedXMLclass" name="d" time="0.0">
    <ignored/>
  </testcase> <!-- d -->
</testsuite> <!-- Default test(failed) -->
