<?xml version="1.0" encoding="UTF-8"?>
<!-- Generated by org.testng.reporters.JUnitXMLReporter -->
<testsuite ignored="0" hostname="DESKTOP-UMJ5EG2" failures="1" tests="3" name="Test" time="0.234" errors="0" timestamp="2022-04-05T11:07:35 IST">
  <testcase classname="listeners.XML" name="b" time="0.023">
    <failure type="java.lang.AssertionError" message="null">
      <![CDATA[java.lang.AssertionError: null
at listeners.XML.b(XML.java:16)
at java.base/java.util.ArrayList.forEach(ArrayList.java:1541)
... Removed 29 stack frames]]>
    </failure>
  </testcase> <!-- b -->
  <testcase classname="listeners.XML" name="a" time="0.003"/>
  <testcase classname="listeners.XML" name="c" time="0.0">
    <skipped/>
  </testcase> <!-- c -->
</testsuite> <!-- Test -->
